nohup: ignoring input
processing NR
calculating d26 of NR
processing prior
calculating d26 of prior
processing horizLoc1280.vertLoc8
calculating d26 of horizLoc1280.vertLoc8
processing horizLoc1280.vertLoc16
calculating d26 of horizLoc1280.vertLoc16
processing horizLoc1280.vertLoc80
calculating d26 of horizLoc1280.vertLoc80
processing horizLoc1280.vertLoc160
calculating d26 of horizLoc1280.vertLoc160
processing horizLoc640.vertLoc4
calculating d26 of horizLoc640.vertLoc4
processing horizLoc640.vertLoc8
calculating d26 of horizLoc640.vertLoc8
processing horizLoc640.vertLoc40
calculating d26 of horizLoc640.vertLoc40
processing horizLoc640.vertLoc80
calculating d26 of horizLoc640.vertLoc80
processing horizLoc128.vertLoc0
calculating d26 of horizLoc128.vertLoc0
processing horizLoc128.vertLoc1
calculating d26 of horizLoc128.vertLoc1
processing horizLoc128.vertLoc8
calculating d26 of horizLoc128.vertLoc8
processing horizLoc128.vertLoc16
calculating d26 of horizLoc128.vertLoc16
